<?xml version="1.0" encoding="UTF-8"?>
<testng-results ignored="0" total="1" passed="0" failed="1" skipped="0">
  <reporter-output>
  </reporter-output>
  <suite started-at="2024-03-12T13:57:33 IST" name="Surefire suite" finished-at="2024-03-12T13:58:01 IST" duration-ms="27780">
    <groups>
      <group name="cucumber">
        <method signature="AbstractTestNGCucumberTests.runScenario(io.cucumber.testng.PickleWrapper,io.cucumber.testng.FeatureWrapper)[pri:0, instance:test.java.CucumberOptions.TestNGRunner@481a996b]" name="runScenario" class="io.cucumber.testng.AbstractTestNGCucumberTests"/>
      </group> <!-- cucumber -->
    </groups>
    <test started-at="2024-03-12T13:57:33 IST" name="Surefire test" finished-at="2024-03-12T13:58:01 IST" duration-ms="27780">
      <class name="test.java.CucumberOptions.TestNGRunner">
        <test-method is-config="true" signature="setUpClass(org.testng.ITestContext)[pri:0, instance:test.java.CucumberOptions.TestNGRunner@481a996b]" started-at="2024-03-12T13:57:33 IST" name="setUpClass" finished-at="2024-03-12T13:57:34 IST" duration-ms="827" status="PASS">
          <params>
            <param index="0">
              <value>
                <![CDATA[org.testng.TestRunner@5e39850]]>
              </value>
            </param>
          </params>
          <reporter-output>
          </reporter-output>
        </test-method> <!-- setUpClass -->
        <test-method signature="runScenario(io.cucumber.testng.PickleWrapper,io.cucumber.testng.FeatureWrapper)[pri:0, instance:test.java.CucumberOptions.TestNGRunner@481a996b]" started-at="2024-03-12T13:57:34 IST" name="runScenario" description="Runs Cucumber Scenarios" data-provider="scenarios" finished-at="2024-03-12T13:58:00 IST" duration-ms="26146" status="FAIL">
          <params>
            <param index="0">
              <value>
                <![CDATA["Access a Product via category after applying multiple filters"]]>
              </value>
            </param>
            <param index="1">
              <value>
                <![CDATA["Searching Elements"]]>
              </value>
            </param>
          </params>
          <exception class="org.openqa.selenium.StaleElementReferenceException">
            <message>
              <![CDATA[stale element reference: stale element not found
  (Session info: chrome=122.0.6261.112)
For documentation on this error, please visit: https://www.selenium.dev/documentation/webdriver/troubleshooting/errors#stale-element-reference-exception
Build info: version: '4.11.0', revision: '040bc5406b'
System info: os.name: 'Windows 11', os.arch: 'amd64', os.version: '10.0', java.version: '21.0.1'
Driver info: org.openqa.selenium.chrome.ChromeDriver
Command: [ad095d1d97c8311ff8375a394314dab7, getElementText {id=f.024018197D8D11B7C9A268482A036AFA.d.2571BDEEB301E62052014948CA8E0320.e.504}]
Capabilities {acceptInsecureCerts: false, browserName: chrome, browserVersion: 122.0.6261.112, chrome: {chromedriverVersion: 122.0.6261.111 (9d4c1072da6..., userDataDir: C:\Users\hdham\AppData\Loca...}, fedcm:accounts: true, goog:chromeOptions: {debuggerAddress: localhost:63551}, networkConnectionEnabled: false, pageLoadStrategy: normal, platformName: windows, proxy: Proxy(), se:cdp: ws://localhost:63551/devtoo..., se:cdpVersion: 122.0.6261.112, setWindowRect: true, strictFileInteractability: false, timeouts: {implicit: 0, pageLoad: 300000, script: 30000}, unhandledPromptBehavior: dismiss and notify, webauthn:extension:credBlob: true, webauthn:extension:largeBlob: true, webauthn:extension:minPinLength: true, webauthn:extension:prf: true, webauthn:virtualAuthenticators: true}
Element: [[ChromeDriver: chrome on windows (ad095d1d97c8311ff8375a394314dab7)] -> css selector: .b-pageheader]
Session ID: ad095d1d97c8311ff8375a394314dab7]]>
            </message>
            <full-stacktrace>
              <![CDATA[org.openqa.selenium.StaleElementReferenceException: stale element reference: stale element not found
  (Session info: chrome=122.0.6261.112)
For documentation on this error, please visit: https://www.selenium.dev/documentation/webdriver/troubleshooting/errors#stale-element-reference-exception
Build info: version: '4.11.0', revision: '040bc5406b'
System info: os.name: 'Windows 11', os.arch: 'amd64', os.version: '10.0', java.version: '21.0.1'
Driver info: org.openqa.selenium.chrome.ChromeDriver
Command: [ad095d1d97c8311ff8375a394314dab7, getElementText {id=f.024018197D8D11B7C9A268482A036AFA.d.2571BDEEB301E62052014948CA8E0320.e.504}]
Capabilities {acceptInsecureCerts: false, browserName: chrome, browserVersion: 122.0.6261.112, chrome: {chromedriverVersion: 122.0.6261.111 (9d4c1072da6..., userDataDir: C:\Users\hdham\AppData\Loca...}, fedcm:accounts: true, goog:chromeOptions: {debuggerAddress: localhost:63551}, networkConnectionEnabled: false, pageLoadStrategy: normal, platformName: windows, proxy: Proxy(), se:cdp: ws://localhost:63551/devtoo..., se:cdpVersion: 122.0.6261.112, setWindowRect: true, strictFileInteractability: false, timeouts: {implicit: 0, pageLoad: 300000, script: 30000}, unhandledPromptBehavior: dismiss and notify, webauthn:extension:credBlob: true, webauthn:extension:largeBlob: true, webauthn:extension:minPinLength: true, webauthn:extension:prf: true, webauthn:virtualAuthenticators: true}
Element: [[ChromeDriver: chrome on windows (ad095d1d97c8311ff8375a394314dab7)] -> css selector: .b-pageheader]
Session ID: ad095d1d97c8311ff8375a394314dab7
at java.base/jdk.internal.reflect.DirectConstructorHandleAccessor.newInstance(DirectConstructorHandleAccessor.java:62)
at java.base/java.lang.reflect.Constructor.newInstanceWithCaller(Constructor.java:502)
at java.base/java.lang.reflect.Constructor.newInstance(Constructor.java:486)
at org.openqa.selenium.remote.codec.w3c.W3CHttpResponseCodec.createException(W3CHttpResponseCodec.java:200)
at org.openqa.selenium.remote.codec.w3c.W3CHttpResponseCodec.decode(W3CHttpResponseCodec.java:133)
at org.openqa.selenium.remote.codec.w3c.W3CHttpResponseCodec.decode(W3CHttpResponseCodec.java:52)
at org.openqa.selenium.remote.HttpCommandExecutor.execute(HttpCommandExecutor.java:191)
at org.openqa.selenium.remote.service.DriverCommandExecutor.invokeExecute(DriverCommandExecutor.java:196)
at org.openqa.selenium.remote.service.DriverCommandExecutor.execute(DriverCommandExecutor.java:171)
at org.openqa.selenium.remote.RemoteWebDriver.execute(RemoteWebDriver.java:518)
at org.openqa.selenium.remote.RemoteWebElement.execute(RemoteWebElement.java:224)
at org.openqa.selenium.remote.RemoteWebElement.getText(RemoteWebElement.java:192)
at test.java.pageObjects.SearchByCategoryPageObject.getText(SearchByCategoryPageObject.java:150)
at stepDefinations.SearchByCategory.verify_that_the_filter_applied(SearchByCategory.java:81)
at ✽.Verify that the filter applied(file:///C:/Users/hdham/Rushikesh_Dhamode/src/test/java/features/SearchByCategory.feature:11)
]]>
            </full-stacktrace>
          </exception> <!-- org.openqa.selenium.StaleElementReferenceException -->
          <reporter-output>
          </reporter-output>
        </test-method> <!-- runScenario -->
        <test-method is-config="true" signature="tearDownClass()[pri:0, instance:test.java.CucumberOptions.TestNGRunner@481a996b]" started-at="2024-03-12T13:58:00 IST" name="tearDownClass" finished-at="2024-03-12T13:58:01 IST" duration-ms="654" status="PASS">
          <reporter-output>
          </reporter-output>
        </test-method> <!-- tearDownClass -->
      </class> <!-- test.java.CucumberOptions.TestNGRunner -->
    </test> <!-- Surefire test -->
  </suite> <!-- Surefire suite -->
</testng-results>
