<?xml version="1.0" encoding="UTF-8"?>
<testng-results ignored="0" total="2" passed="1" failed="1" skipped="0">
  <reporter-output>
  </reporter-output>
  <suite started-at="2024-03-12T18:44:49 IST" name="Surefire suite" finished-at="2024-03-12T18:45:02 IST" duration-ms="13588">
    <groups>
      <group name="cucumber">
        <method signature="AbstractTestNGCucumberTests.runScenario(io.cucumber.testng.PickleWrapper,io.cucumber.testng.FeatureWrapper)[pri:0, instance:test.java.CucumberOptions.TestNGRunner@481a996b]" name="runScenario" class="io.cucumber.testng.AbstractTestNGCucumberTests"/>
      </group> <!-- cucumber -->
    </groups>
    <test started-at="2024-03-12T18:44:49 IST" name="Surefire test" finished-at="2024-03-12T18:45:02 IST" duration-ms="13588">
      <class name="test.java.CucumberOptions.TestNGRunner">
        <test-method is-config="true" signature="setUpClass(org.testng.ITestContext)[pri:0, instance:test.java.CucumberOptions.TestNGRunner@481a996b]" started-at="2024-03-12T18:44:49 IST" name="setUpClass" finished-at="2024-03-12T18:44:49 IST" duration-ms="589" status="PASS">
          <params>
            <param index="0">
              <value>
                <![CDATA[org.testng.TestRunner@77a281fc]]>
              </value>
            </param>
          </params>
          <reporter-output>
          </reporter-output>
        </test-method> <!-- setUpClass -->
        <test-method signature="runScenario(io.cucumber.testng.PickleWrapper,io.cucumber.testng.FeatureWrapper)[pri:0, instance:test.java.CucumberOptions.TestNGRunner@481a996b]" started-at="2024-03-12T18:44:49 IST" name="runScenario" description="Runs Cucumber Scenarios" data-provider="scenarios" finished-at="2024-03-12T18:45:01 IST" duration-ms="12007" status="PASS">
          <params>
            <param index="0">
              <value>
                <![CDATA["Access a Product via Search"]]>
              </value>
            </param>
            <param index="1">
              <value>
                <![CDATA["Product Search"]]>
              </value>
            </param>
          </params>
          <reporter-output>
          </reporter-output>
        </test-method> <!-- runScenario -->
        <test-method signature="runScenario(io.cucumber.testng.PickleWrapper,io.cucumber.testng.FeatureWrapper)[pri:0, instance:test.java.CucumberOptions.TestNGRunner@481a996b]" started-at="2024-03-12T18:44:49 IST" name="runScenario" description="Runs Cucumber Scenarios" data-provider="scenarios" finished-at="2024-03-12T18:45:01 IST" duration-ms="11328" status="FAIL">
          <params>
            <param index="0">
              <value>
                <![CDATA["Access a Product via category after applying multiple filters"]]>
              </value>
            </param>
            <param index="1">
              <value>
                <![CDATA["Searching Elements"]]>
              </value>
            </param>
          </params>
          <exception class="java.lang.AssertionError">
            <message>
              <![CDATA[expected [true] but found [false]]]>
            </message>
            <full-stacktrace>
              <![CDATA[java.lang.AssertionError: expected [true] but found [false]
at org.testng.Assert.fail(Assert.java:111)
at org.testng.Assert.failNotEquals(Assert.java:1578)
at org.testng.Assert.assertTrue(Assert.java:57)
at org.testng.Assert.assertTrue(Assert.java:67)
at stepDefinations.SearchByCategory.user_is_on_ebay_com_page(SearchByCategory.java:25)
at ✽.User is on ebay.com page(file:///C:/Users/hdham/Rushikesh_Dhamode/src/test/java/features/SearchByCategory.feature:6)
]]>
            </full-stacktrace>
          </exception> <!-- java.lang.AssertionError -->
          <reporter-output>
          </reporter-output>
        </test-method> <!-- runScenario -->
        <test-method is-config="true" signature="tearDownClass()[pri:0, instance:test.java.CucumberOptions.TestNGRunner@481a996b]" started-at="2024-03-12T18:45:01 IST" name="tearDownClass" finished-at="2024-03-12T18:45:02 IST" duration-ms="964" status="PASS">
          <reporter-output>
          </reporter-output>
        </test-method> <!-- tearDownClass -->
      </class> <!-- test.java.CucumberOptions.TestNGRunner -->
    </test> <!-- Surefire test -->
  </suite> <!-- Surefire suite -->
</testng-results>
