<?xml version="1.0" encoding="UTF-8"?>
<testng-results ignored="0" total="4" passed="4" failed="0" skipped="0">
  <reporter-output>
  </reporter-output>
  <suite started-at="2023-08-21T17:31:41 IST" name="Surefire suite" finished-at="2023-08-21T17:33:13 IST" duration-ms="91996">
    <groups>
      <group name="cucumber">
        <method signature="AbstractTestNGCucumberTests.runScenario(io.cucumber.testng.PickleWrapper,io.cucumber.testng.FeatureWrapper)[pri:0, instance:test.java.CucumberOptions.TestNGRunner@47d9a273]" name="runScenario" class="io.cucumber.testng.AbstractTestNGCucumberTests"/>
      </group> <!-- cucumber -->
    </groups>
    <test started-at="2023-08-21T17:31:41 IST" name="Surefire test" finished-at="2023-08-21T17:33:13 IST" duration-ms="91996">
      <class name="test.java.CucumberOptions.TestNGRunner">
        <test-method is-config="true" signature="setUpClass(org.testng.ITestContext)[pri:0, instance:test.java.CucumberOptions.TestNGRunner@47d9a273]" started-at="2023-08-21T17:31:41 IST" name="setUpClass" finished-at="2023-08-21T17:31:44 IST" duration-ms="2813" status="PASS">
          <params>
            <param index="0">
              <value>
                <![CDATA[org.testng.TestRunner@338cc75f]]>
              </value>
            </param>
          </params>
          <reporter-output>
          </reporter-output>
        </test-method> <!-- setUpClass -->
        <test-method signature="runScenario(io.cucumber.testng.PickleWrapper,io.cucumber.testng.FeatureWrapper)[pri:0, instance:test.java.CucumberOptions.TestNGRunner@47d9a273]" started-at="2023-08-21T17:31:44 IST" name="runScenario" description="Runs Cucumber Scenarios" data-provider="scenarios" finished-at="2023-08-21T17:33:11 IST" duration-ms="87198" status="PASS">
          <params>
            <param index="0">
              <value>
                <![CDATA["Iterate through all the footer links"]]>
              </value>
            </param>
            <param index="1">
              <value>
                <![CDATA["Iterator_Example"]]>
              </value>
            </param>
          </params>
          <reporter-output>
          </reporter-output>
        </test-method> <!-- runScenario -->
        <test-method signature="runScenario(io.cucumber.testng.PickleWrapper,io.cucumber.testng.FeatureWrapper)[pri:0, instance:test.java.CucumberOptions.TestNGRunner@47d9a273]" started-at="2023-08-21T17:31:44 IST" name="runScenario" description="Runs Cucumber Scenarios" data-provider="scenarios" finished-at="2023-08-21T17:32:45 IST" duration-ms="60998" status="PASS">
          <params>
            <param index="0">
              <value>
                <![CDATA["Check the content on the page is loaded or not"]]>
              </value>
            </param>
            <param index="1">
              <value>
                <![CDATA["Test Landing Page"]]>
              </value>
            </param>
          </params>
          <reporter-output>
          </reporter-output>
        </test-method> <!-- runScenario -->
        <test-method signature="runScenario(io.cucumber.testng.PickleWrapper,io.cucumber.testng.FeatureWrapper)[pri:0, instance:test.java.CucumberOptions.TestNGRunner@47d9a273]" started-at="2023-08-21T17:31:44 IST" name="runScenario" description="Runs Cucumber Scenarios" data-provider="scenarios" finished-at="2023-08-21T17:32:49 IST" duration-ms="65399" status="PASS">
          <params>
            <param index="0">
              <value>
                <![CDATA["Test the feature of Autosuggestion Dropdown"]]>
              </value>
            </param>
            <param index="1">
              <value>
                <![CDATA["Use the Autosuggestion Dropdown"]]>
              </value>
            </param>
          </params>
          <reporter-output>
          </reporter-output>
        </test-method> <!-- runScenario -->
        <test-method signature="runScenario(io.cucumber.testng.PickleWrapper,io.cucumber.testng.FeatureWrapper)[pri:0, instance:test.java.CucumberOptions.TestNGRunner@47d9a273]" started-at="2023-08-21T17:31:44 IST" name="runScenario" description="Runs Cucumber Scenarios" data-provider="scenarios" finished-at="2023-08-21T17:32:53 IST" duration-ms="68891" status="PASS">
          <params>
            <param index="0">
              <value>
                <![CDATA["Track"]]>
              </value>
            </param>
            <param index="1">
              <value>
                <![CDATA["Ecart track feature"]]>
              </value>
            </param>
          </params>
          <reporter-output>
          </reporter-output>
        </test-method> <!-- runScenario -->
        <test-method is-config="true" signature="tearDownClass()[pri:0, instance:test.java.CucumberOptions.TestNGRunner@47d9a273]" started-at="2023-08-21T17:33:11 IST" name="tearDownClass" finished-at="2023-08-21T17:33:13 IST" duration-ms="1822" status="PASS">
          <reporter-output>
          </reporter-output>
        </test-method> <!-- tearDownClass -->
      </class> <!-- test.java.CucumberOptions.TestNGRunner -->
    </test> <!-- Surefire test -->
  </suite> <!-- Surefire suite -->
</testng-results>
