<?xml version="1.0" encoding="UTF-8"?>
<testng-results ignored="0" total="2" passed="2" failed="0" skipped="0">
  <reporter-output>
  </reporter-output>
  <suite started-at="2023-08-16T21:09:24 IST" name="Default suite" finished-at="2023-08-16T21:10:18 IST" duration-ms="53237">
    <groups>
      <group name="cucumber">
        <method signature="AbstractTestNGCucumberTests.runScenario(io.cucumber.testng.PickleWrapper,io.cucumber.testng.FeatureWrapper)[pri:0, instance:test.java.CucumberOptions.TestNGRunner@673fdbce]" name="runScenario" class="io.cucumber.testng.AbstractTestNGCucumberTests"/>
      </group> <!-- cucumber -->
    </groups>
    <test started-at="2023-08-16T21:09:24 IST" name="Default test" finished-at="2023-08-16T21:10:18 IST" duration-ms="53237">
      <class name="test.java.CucumberOptions.TestNGRunner">
        <test-method is-config="true" signature="setUpClass(org.testng.ITestContext)[pri:0, instance:test.java.CucumberOptions.TestNGRunner@673fdbce]" started-at="2023-08-16T21:09:24 IST" name="setUpClass" finished-at="2023-08-16T21:09:25 IST" duration-ms="560" status="PASS">
          <params>
            <param index="0">
              <value>
                <![CDATA[org.testng.TestRunner@3902bd2c]]>
              </value>
            </param>
          </params>
          <reporter-output>
          </reporter-output>
        </test-method> <!-- setUpClass -->
        <test-method signature="runScenario(io.cucumber.testng.PickleWrapper,io.cucumber.testng.FeatureWrapper)[pri:0, instance:test.java.CucumberOptions.TestNGRunner@673fdbce]" started-at="2023-08-16T21:09:25 IST" name="runScenario" description="Runs Cucumber Scenarios" data-provider="scenarios" finished-at="2023-08-16T21:09:42 IST" duration-ms="17127" status="PASS">
          <params>
            <param index="0">
              <value>
                <![CDATA["Test the feature of Autosuggestion Dropdown"]]>
              </value>
            </param>
            <param index="1">
              <value>
                <![CDATA["Use the Autosuggestion Dropdown"]]>
              </value>
            </param>
          </params>
          <reporter-output>
          </reporter-output>
        </test-method> <!-- runScenario -->
        <test-method signature="runScenario(io.cucumber.testng.PickleWrapper,io.cucumber.testng.FeatureWrapper)[pri:0, instance:test.java.CucumberOptions.TestNGRunner@673fdbce]" started-at="2023-08-16T21:09:42 IST" name="runScenario" description="Runs Cucumber Scenarios" data-provider="scenarios" finished-at="2023-08-16T21:10:18 IST" duration-ms="35417" status="PASS">
          <params>
            <param index="0">
              <value>
                <![CDATA["Iterate through all the footer links"]]>
              </value>
            </param>
            <param index="1">
              <value>
                <![CDATA["Iterator_Example"]]>
              </value>
            </param>
          </params>
          <reporter-output>
          </reporter-output>
        </test-method> <!-- runScenario -->
        <test-method is-config="true" signature="tearDownClass()[pri:0, instance:test.java.CucumberOptions.TestNGRunner@673fdbce]" started-at="2023-08-16T21:10:18 IST" name="tearDownClass" finished-at="2023-08-16T21:10:18 IST" duration-ms="6" status="PASS">
          <reporter-output>
          </reporter-output>
        </test-method> <!-- tearDownClass -->
      </class> <!-- test.java.CucumberOptions.TestNGRunner -->
    </test> <!-- Default test -->
  </suite> <!-- Default suite -->
</testng-results>
