<?xml version="1.0" encoding="UTF-8"?>
<testng-results ignored="0" total="2" passed="2" failed="0" skipped="0">
  <reporter-output>
  </reporter-output>
  <suite started-at="2023-08-17T20:02:00 IST" name="Default suite" finished-at="2023-08-17T20:02:50 IST" duration-ms="49660">
    <groups>
      <group name="cucumber">
        <method signature="AbstractTestNGCucumberTests.runScenario(io.cucumber.testng.PickleWrapper,io.cucumber.testng.FeatureWrapper)[pri:0, instance:test.java.CucumberOptions.TestNGRunner@5b799640]" name="runScenario" class="io.cucumber.testng.AbstractTestNGCucumberTests"/>
      </group> <!-- cucumber -->
    </groups>
    <test started-at="2023-08-17T20:02:00 IST" name="Default test" finished-at="2023-08-17T20:02:50 IST" duration-ms="49660">
      <class name="test.java.CucumberOptions.TestNGRunner">
        <test-method is-config="true" signature="setUpClass(org.testng.ITestContext)[pri:0, instance:test.java.CucumberOptions.TestNGRunner@5b799640]" started-at="2023-08-17T20:02:00 IST" name="setUpClass" finished-at="2023-08-17T20:02:01 IST" duration-ms="721" status="PASS">
          <params>
            <param index="0">
              <value>
                <![CDATA[org.testng.TestRunner@3c66b7d8]]>
              </value>
            </param>
          </params>
          <reporter-output>
          </reporter-output>
        </test-method> <!-- setUpClass -->
        <test-method signature="runScenario(io.cucumber.testng.PickleWrapper,io.cucumber.testng.FeatureWrapper)[pri:0, instance:test.java.CucumberOptions.TestNGRunner@5b799640]" started-at="2023-08-17T20:02:01 IST" name="runScenario" description="Runs Cucumber Scenarios" data-provider="scenarios" finished-at="2023-08-17T20:02:23 IST" duration-ms="21812" status="PASS">
          <params>
            <param index="0">
              <value>
                <![CDATA["Test the feature of Autosuggestion Dropdown"]]>
              </value>
            </param>
            <param index="1">
              <value>
                <![CDATA["Use the Autosuggestion Dropdown"]]>
              </value>
            </param>
          </params>
          <reporter-output>
          </reporter-output>
        </test-method> <!-- runScenario -->
        <test-method signature="runScenario(io.cucumber.testng.PickleWrapper,io.cucumber.testng.FeatureWrapper)[pri:0, instance:test.java.CucumberOptions.TestNGRunner@5b799640]" started-at="2023-08-17T20:02:23 IST" name="runScenario" description="Runs Cucumber Scenarios" data-provider="scenarios" finished-at="2023-08-17T20:02:50 IST" duration-ms="26942" status="PASS">
          <params>
            <param index="0">
              <value>
                <![CDATA["Iterate through all the footer links"]]>
              </value>
            </param>
            <param index="1">
              <value>
                <![CDATA["Iterator_Example"]]>
              </value>
            </param>
          </params>
          <reporter-output>
          </reporter-output>
        </test-method> <!-- runScenario -->
        <test-method is-config="true" signature="tearDownClass()[pri:0, instance:test.java.CucumberOptions.TestNGRunner@5b799640]" started-at="2023-08-17T20:02:50 IST" name="tearDownClass" finished-at="2023-08-17T20:02:50 IST" duration-ms="6" status="PASS">
          <reporter-output>
          </reporter-output>
        </test-method> <!-- tearDownClass -->
      </class> <!-- test.java.CucumberOptions.TestNGRunner -->
    </test> <!-- Default test -->
  </suite> <!-- Default suite -->
</testng-results>
