<?xml version="1.0" encoding="UTF-8"?>
<testng-results ignored="0" total="4" passed="4" failed="0" skipped="0">
  <reporter-output>
  </reporter-output>
  <suite started-at="2023-08-21T00:29:21 IST" name="Default suite" finished-at="2023-08-21T00:30:54 IST" duration-ms="92661">
    <groups>
      <group name="cucumber">
        <method signature="AbstractTestNGCucumberTests.runScenario(io.cucumber.testng.PickleWrapper,io.cucumber.testng.FeatureWrapper)[pri:0, instance:test.java.CucumberOptions.TestNGRunner@34bde49d]" name="runScenario" class="io.cucumber.testng.AbstractTestNGCucumberTests"/>
      </group> <!-- cucumber -->
    </groups>
    <test started-at="2023-08-21T00:29:21 IST" name="Default test" finished-at="2023-08-21T00:30:54 IST" duration-ms="92661">
      <class name="test.java.CucumberOptions.TestNGRunner">
        <test-method is-config="true" signature="setUpClass(org.testng.ITestContext)[pri:0, instance:test.java.CucumberOptions.TestNGRunner@34bde49d]" started-at="2023-08-21T00:29:21 IST" name="setUpClass" finished-at="2023-08-21T00:29:24 IST" duration-ms="2545" status="PASS">
          <params>
            <param index="0">
              <value>
                <![CDATA[org.testng.TestRunner@20dd5870]]>
              </value>
            </param>
          </params>
          <reporter-output>
          </reporter-output>
        </test-method> <!-- setUpClass -->
        <test-method signature="runScenario(io.cucumber.testng.PickleWrapper,io.cucumber.testng.FeatureWrapper)[pri:0, instance:test.java.CucumberOptions.TestNGRunner@34bde49d]" started-at="2023-08-21T00:29:24 IST" name="runScenario" description="Runs Cucumber Scenarios" data-provider="scenarios" finished-at="2023-08-21T00:29:49 IST" duration-ms="24952" status="PASS">
          <params>
            <param index="0">
              <value>
                <![CDATA["Test the feature of Autosuggestion Dropdown"]]>
              </value>
            </param>
            <param index="1">
              <value>
                <![CDATA["Use the Autosuggestion Dropdown"]]>
              </value>
            </param>
          </params>
          <reporter-output>
          </reporter-output>
        </test-method> <!-- runScenario -->
        <test-method signature="runScenario(io.cucumber.testng.PickleWrapper,io.cucumber.testng.FeatureWrapper)[pri:0, instance:test.java.CucumberOptions.TestNGRunner@34bde49d]" started-at="2023-08-21T00:29:49 IST" name="runScenario" description="Runs Cucumber Scenarios" data-provider="scenarios" finished-at="2023-08-21T00:30:08 IST" duration-ms="19790" status="PASS">
          <params>
            <param index="0">
              <value>
                <![CDATA["Check the content on the page is loaded or not"]]>
              </value>
            </param>
            <param index="1">
              <value>
                <![CDATA["Test Landing Page"]]>
              </value>
            </param>
          </params>
          <reporter-output>
          </reporter-output>
        </test-method> <!-- runScenario -->
        <test-method signature="runScenario(io.cucumber.testng.PickleWrapper,io.cucumber.testng.FeatureWrapper)[pri:0, instance:test.java.CucumberOptions.TestNGRunner@34bde49d]" started-at="2023-08-21T00:30:08 IST" name="runScenario" description="Runs Cucumber Scenarios" data-provider="scenarios" finished-at="2023-08-21T00:30:41 IST" duration-ms="32400" status="PASS">
          <params>
            <param index="0">
              <value>
                <![CDATA["Iterate through all the footer links"]]>
              </value>
            </param>
            <param index="1">
              <value>
                <![CDATA["Iterator_Example"]]>
              </value>
            </param>
          </params>
          <reporter-output>
          </reporter-output>
        </test-method> <!-- runScenario -->
        <test-method signature="runScenario(io.cucumber.testng.PickleWrapper,io.cucumber.testng.FeatureWrapper)[pri:0, instance:test.java.CucumberOptions.TestNGRunner@34bde49d]" started-at="2023-08-21T00:30:41 IST" name="runScenario" description="Runs Cucumber Scenarios" data-provider="scenarios" finished-at="2023-08-21T00:30:52 IST" duration-ms="11029" status="PASS">
          <params>
            <param index="0">
              <value>
                <![CDATA["Track"]]>
              </value>
            </param>
            <param index="1">
              <value>
                <![CDATA["Ecart track feature"]]>
              </value>
            </param>
          </params>
          <reporter-output>
          </reporter-output>
        </test-method> <!-- runScenario -->
        <test-method is-config="true" signature="tearDownClass()[pri:0, instance:test.java.CucumberOptions.TestNGRunner@34bde49d]" started-at="2023-08-21T00:30:52 IST" name="tearDownClass" finished-at="2023-08-21T00:30:53 IST" duration-ms="1719" status="PASS">
          <reporter-output>
          </reporter-output>
        </test-method> <!-- tearDownClass -->
      </class> <!-- test.java.CucumberOptions.TestNGRunner -->
    </test> <!-- Default test -->
  </suite> <!-- Default suite -->
</testng-results>
