<?xml version="1.0" encoding="UTF-8"?>
<!-- Generated by org.testng.reporters.JUnitReportReporter -->
<testsuite hostname="Hrishi_PC" failures="1" tests="2" name="test.java.CucumberOptions.TestNGRunner" time="23.335" errors="0" timestamp="2024-03-12T18:45:03 IST" skipped="0">
  <testcase classname="test.java.CucumberOptions.TestNGRunner" name="runScenario" time="11.328">
    <failure message="expected [true] but found [false]" type="java.lang.AssertionError">
      <![CDATA[java.lang.AssertionError: expected [true] but found [false]
at org.testng.Assert.fail(Assert.java:111)
at org.testng.Assert.failNotEquals(Assert.java:1578)
at org.testng.Assert.assertTrue(Assert.java:57)
at org.testng.Assert.assertTrue(Assert.java:67)
at stepDefinations.SearchByCategory.user_is_on_ebay_com_page(SearchByCategory.java:25)
at ✽.User is on ebay.com page(file:///C:/Users/hdham/Rushikesh_Dhamode/src/test/java/features/SearchByCategory.feature:6)
]]>
    </failure>
  </testcase> <!-- runScenario -->
  <testcase classname="test.java.CucumberOptions.TestNGRunner" name="runScenario" time="12.007"/>
</testsuite> <!-- test.java.CucumberOptions.TestNGRunner -->
